{
  "RSpec": {
    "coverage": {
      "/Users/joelgrant/dev/projects/disney-scrapbook/config/environment.rb": {
        "lines": [
          null,
          1,
          null,
          null,
          1
        ]
      },
      "/Users/joelgrant/dev/projects/disney-scrapbook/config/application.rb": {
        "lines": [
          1,
          null,
          1,
          null,
          1,
          1,
          1,
          1,
          1,
          1,
          1,
          1,
          1,
          1,
          null,
          null,
          null,
          null,
          1,
          null,
          1,
          1,
          null,
          1,
          null,
          null,
          null,
          null,
          1,
          null,
          null,
          null,
          null,
          null,
          null,
          null,
          null,
          null,
          null,
          1,
          null,
          null
        ]
      },
      "/Users/joelgrant/dev/projects/disney-scrapbook/config/boot.rb": {
        "lines": [
          1,
          null,
          1,
          1
        ]
      },
      "/Users/joelgrant/dev/projects/disney-scrapbook/config/environments/test.rb": {
        "lines": [
          null,
          null,
          null,
          null,
          null,
          1,
          null,
          null,
          null,
          1,
          null,
          null,
          null,
          null,
          null,
          1,
          null,
          null,
          1,
          null,
          null,
          1,
          1,
          null,
          null,
          1,
          null,
          null,
          1,
          null,
          null,
          1,
          null,
          null,
          null,
          null,
          1,
          null,
          null,
          1,
          null,
          null,
          1,
          null,
          null,
          null,
          null,
          null,
          null,
          null,
          null,
          1,
          null
        ]
      },
      "/Users/joelgrant/dev/projects/disney-scrapbook/config/initializers/assets.rb": {
        "lines": [
          null,
          null,
          null,
          1,
          null,
          null,
          null
        ]
      },
      "/Users/joelgrant/dev/projects/disney-scrapbook/config/initializers/content_security_policy.rb": {
        "lines": [
          null,
          null,
          null,
          null,
          null,
          null,
          null,
          null,
          null,
          null,
          null,
          null,
          null,
          null,
          null,
          null,
          null,
          null,
          null,
          null,
          null,
          null,
          null,
          null,
          null
        ]
      },
      "/Users/joelgrant/dev/projects/disney-scrapbook/config/initializers/filter_parameter_logging.rb": {
        "lines": [
          null,
          null,
          null,
          null,
          null,
          1,
          null,
          null
        ]
      },
      "/Users/joelgrant/dev/projects/disney-scrapbook/config/initializers/inflections.rb": {
        "lines": [
          null,
          null,
          null,
          null,
          null,
          null,
          null,
          null,
          null,
          null,
          null,
          null,
          null,
          null,
          null,
          null
        ]
      },
      "/Users/joelgrant/dev/projects/disney-scrapbook/config/initializers/version.rb": {
        "lines": [
          null,
          null,
          1,
          1,
          1,
          1,
          null,
          null,
          1,
          32,
          null,
          null,
          1,
          31,
          null,
          null,
          1,
          null,
          1,
          1,
          1,
          null,
          1,
          null,
          1,
          1,
          null,
          0,
          null,
          null,
          1,
          null,
          null,
          null,
          1,
          null,
          null,
          1,
          1,
          null,
          null,
          null,
          0,
          null,
          null,
          null,
          null,
          0,
          0,
          null,
          null,
          0,
          null,
          null,
          0,
          null,
          0,
          null,
          null,
          1,
          1,
          null,
          1,
          1,
          null,
          1,
          null,
          0,
          null,
          null,
          null,
          1,
          1,
          null
        ]
      },
      "/Users/joelgrant/dev/projects/disney-scrapbook/app/helpers/application_helper.rb": {
        "lines": [
          1,
          1,
          38,
          38,
          null,
          38,
          null,
          0,
          null,
          0,
          null,
          null,
          null,
          1,
          38,
          38,
          null,
          38,
          null,
          0,
          null,
          0,
          null,
          null,
          null,
          1,
          38,
          null,
          null,
          1,
          38,
          null,
          null,
          1,
          11,
          11,
          null,
          10,
          null,
          1,
          null,
          0,
          null,
          0,
          null,
          null,
          null,
          1,
          11,
          null,
          null,
          10,
          10,
          null,
          null,
          null,
          1,
          1,
          null,
          null,
          null,
          0,
          0,
          null,
          null,
          null,
          0,
          0,
          null,
          null,
          null,
          null
        ]
      },
      "/Users/joelgrant/dev/projects/disney-scrapbook/spec/features/homepage/index_spec.rb": {
        "lines": [
          1,
          null,
          1,
          1,
          6,
          null,
          null,
          1,
          1,
          null,
          null,
          1,
          1,
          null,
          null,
          1,
          1,
          null,
          null,
          1,
          1,
          null,
          null,
          1,
          1,
          1,
          1,
          null,
          null,
          1,
          null,
          null,
          1,
          null,
          1,
          null,
          1,
          1,
          null,
          1,
          null,
          null
        ]
      },
      "/Users/joelgrant/dev/projects/disney-scrapbook/spec/features/register/new_spec.rb": {
        "lines": [
          1,
          null,
          1,
          1,
          1,
          null,
          1,
          1,
          1,
          1,
          1,
          1,
          null,
          1,
          null,
          1,
          null,
          null
        ]
      },
      "/Users/joelgrant/dev/projects/disney-scrapbook/spec/features/sessions/delete_spec.rb": {
        "lines": [
          1,
          null,
          1,
          1,
          3,
          null,
          null,
          null,
          null,
          null,
          null,
          null,
          3,
          3,
          3,
          3,
          3,
          null,
          null,
          1,
          1,
          3,
          null,
          null,
          1,
          1,
          1,
          1,
          1,
          null,
          null,
          1,
          1,
          1,
          1,
          null,
          null,
          1,
          1,
          1,
          1,
          null,
          null,
          null
        ]
      },
      "/Users/joelgrant/dev/projects/disney-scrapbook/spec/features/sessions/new_spec.rb": {
        "lines": [
          1,
          null,
          1,
          1,
          4,
          null,
          null,
          1,
          1,
          null,
          null,
          1,
          1,
          1,
          null,
          null,
          1,
          1,
          null,
          1,
          null,
          1,
          1,
          1,
          null,
          null,
          1,
          1,
          null,
          null,
          null,
          null,
          null,
          null,
          1,
          1,
          1,
          null,
          1,
          1,
          1,
          null,
          1,
          1,
          null,
          null
        ]
      },
      "/Users/joelgrant/dev/projects/disney-scrapbook/app/models/user.rb": {
        "lines": [
          1,
          1,
          null,
          1,
          1,
          1,
          8,
          null
        ]
      },
      "/Users/joelgrant/dev/projects/disney-scrapbook/app/models/application_record.rb": {
        "lines": [
          1,
          1,
          null
        ]
      },
      "/Users/joelgrant/dev/projects/disney-scrapbook/config/routes.rb": {
        "lines": [
          1,
          null,
          null,
          null,
          null,
          1,
          1,
          null,
          null,
          null,
          null,
          null,
          null,
          1,
          null,
          1,
          1,
          null,
          1,
          null,
          1,
          1,
          1,
          null
        ]
      },
      "/Users/joelgrant/dev/projects/disney-scrapbook/app/controllers/homepage_controller.rb": {
        "lines": [
          null,
          1,
          1,
          null,
          null
        ]
      },
      "/Users/joelgrant/dev/projects/disney-scrapbook/app/controllers/application_controller.rb": {
        "lines": [
          1,
          null,
          1,
          null
        ]
      },
      "/Users/joelgrant/dev/projects/disney-scrapbook/app/controllers/sessions_controller.rb": {
        "lines": [
          1,
          1,
          null,
          null,
          1,
          6,
          null,
          6,
          6,
          6,
          6,
          null,
          0,
          0,
          0,
          null,
          null,
          null,
          1,
          3,
          3,
          3,
          null,
          null
        ]
      },
      "/Users/joelgrant/dev/projects/disney-scrapbook/app/controllers/dashboard_controller.rb": {
        "lines": [
          1,
          1,
          8,
          null,
          8,
          1,
          null,
          null,
          null
        ]
      },
      "/Users/joelgrant/dev/projects/disney-scrapbook/app/controllers/users_controller.rb": {
        "lines": [
          1,
          1,
          3,
          null,
          null,
          1,
          1,
          1,
          1,
          null,
          1,
          1,
          1,
          null,
          0,
          0,
          null,
          null,
          null,
          1,
          null,
          1,
          1,
          null,
          null
        ]
      }
    },
    "timestamp": 1752607111
  }
}
